<?xml version="1.0" encoding="UTF-8"?>
<!-- Generated by org.testng.reporters.JUnitReportReporter -->
<testsuite hostname="LAPTOP-KCQP735G" failures="0" tests="1" name="testcase.Loginapplication" time="17.509" errors="0" timestamp="30 Sep 2021 15:14:19 GMT">
  <testcase classname="testcase.Loginapplication" name="login" time="17.509"/>
</testsuite> <!-- testcase.Loginapplication -->
